[02:29:07] [ServerMain/INFO]: [bootstrap] Running Java 21 (OpenJDK 64-Bit Server VM 21.0.7+6-Ubuntu-0ubuntu124.04; Ubuntu null) on Linux 6.8.0-1027-azure (amd64)
[02:29:07] [ServerMain/INFO]: [bootstrap] Loading Paper 1.21.1-57-master@b483da4 (2024-09-01T18:09:05Z) for Minecraft 1.21.1
[02:29:07] [ServerMain/INFO]: [PluginInitializerManager] Initializing plugins...
[02:29:07] [Paper Plugin Remapper Thread - 2/INFO]: [PluginRemapper] Remapping plugin 'plugins/SkinsRestorer.jar'...
[02:29:07] [Paper Plugin Remapper Thread - 3/INFO]: [PluginRemapper] Remapping plugin 'plugins/ActionHealth-3.5.9-all.jar'...
[02:29:08] [Paper Plugin Remapper Thread - 1/INFO]: [PluginRemapper] Remapping plugin 'plugins/AngelChest-13.9.4.jar'...
[02:29:08] [Paper Plugin Remapper Thread - 0/INFO]: [PluginRemapper] Remapping plugin 'plugins/CrisTreeCapitator.jar'...
[02:29:08] [Paper Plugin Remapper Thread - 0/INFO]: [PluginRemapper] Done remapping plugin 'plugins/CrisTreeCapitator.jar' in 642ms.
[02:29:09] [Paper Plugin Remapper Thread - 3/INFO]: [PluginRemapper] Done remapping plugin 'plugins/ActionHealth-3.5.9-all.jar' in 1399ms.
[02:29:09] [Paper Plugin Remapper Thread - 1/INFO]: [PluginRemapper] Done remapping plugin 'plugins/AngelChest-13.9.4.jar' in 1797ms.
[02:29:10] [Paper Plugin Remapper Thread - 2/INFO]: [PluginRemapper] Done remapping plugin 'plugins/SkinsRestorer.jar' in 2737ms.
[02:29:10] [ServerMain/INFO]: [PluginInitializerManager] Initialized 5 plugins
[02:29:10] [ServerMain/INFO]: [PluginInitializerManager] Bukkit plugins (5):
 - ActionHealth (3.5.9), AngelChest (13.9.4), Chunky (1.4.40), CrisTreeCapitator (6.4.4), SkinsRestorer (15.7.4)
[02:29:14] [ServerMain/INFO]: Environment: Environment[sessionHost=https://sessionserver.mojang.com, servicesHost=https://api.minecraftservices.com, name=PROD]
[02:29:16] [ServerMain/INFO]: Loaded 1290 recipes
[02:29:16] [ServerMain/INFO]: Loaded 1399 advancements
[02:29:16] [Server thread/INFO]: Starting minecraft server version 1.21.1
[02:29:16] [Server thread/INFO]: Loading properties
[02:29:16] [Server thread/INFO]: This server is running Paper version 1.21.1-57-master@b483da4 (2024-09-01T18:09:05Z) (Implementing API version 1.21.1-R0.1-SNAPSHOT)
[02:29:17] [Server thread/INFO]: [spark] This server bundles the spark profiler. For more information please visit https://docs.papermc.io/paper/profiling
[02:29:17] [Server thread/INFO]: Server Ping Player Sample Count: 12
[02:29:17] [Server thread/INFO]: Using 4 threads for Netty based IO
[02:29:18] [Server thread/INFO]: [ChunkTaskScheduler] Chunk system is using 1 I/O threads, 1 worker threads, and population gen parallelism of 1 threads
[02:29:18] [Server thread/INFO]: Default game type: SURVIVAL
[02:29:18] [Server thread/INFO]: Generating keypair
[02:29:18] [Server thread/INFO]: Starting Minecraft server on *:25565
[02:29:18] [Server thread/INFO]: Using epoll channel type
[02:29:18] [Server thread/INFO]: Paper: Using libdeflate (Linux x86_64) compression from Velocity.
[02:29:18] [Server thread/INFO]: Paper: Using OpenSSL 3.0.x (Linux x86_64) cipher from Velocity.
[02:29:19] [Server thread/INFO]: [CrisTreeCapitator] Loading server plugin CrisTreeCapitator v6.4.4
[02:29:19] [Server thread/INFO]: [Chunky] Loading server plugin Chunky v1.4.40
[02:29:19] [Server thread/INFO]: [AngelChest] Loading server plugin AngelChest v13.9.4
[02:29:19] [Server thread/INFO]: [ActionHealth] Loading server plugin ActionHealth v3.5.9
[02:29:19] [Server thread/INFO]: [SkinsRestorer] Loading server plugin SkinsRestorer v15.7.4
[02:29:19] [Server thread/INFO]: Server permissions file permissions.yml is empty, ignoring it
[02:29:19] [Server thread/INFO]: [SkinsRestorer] Enabling SkinsRestorer v15.7.4
[02:29:21] [Server thread/INFO]: [SkinsRestorer] Running on Minecraft 1.21.1.
[02:29:22] [Server thread/INFO]: [SkinsRestorer] Using paper join listener!
[02:29:22] [Server thread/WARN]: **** SERVER IS RUNNING IN OFFLINE/INSECURE MODE!
[02:29:22] [Server thread/WARN]: The server will make no attempt to authenticate usernames. Beware.
[02:29:22] [Server thread/WARN]: While this makes the game possible to play without internet access, it also opens up the ability for hackers to connect with any username they choose.
[02:29:22] [Server thread/WARN]: To change this, set "online-mode" to "true" in the server.properties file.
[02:29:22] [Server thread/INFO]: Preparing level "world"
[02:29:22] [Folia Async Scheduler Thread #1/INFO]: [SkinsRestorer] ----------------------------------------------
[02:29:22] [Folia Async Scheduler Thread #1/INFO]: [SkinsRestorer]     +==================+
[02:29:22] [Folia Async Scheduler Thread #1/INFO]: [SkinsRestorer]     |   SkinsRestorer  |
[02:29:22] [Folia Async Scheduler Thread #1/INFO]: [SkinsRestorer]     |------------------|
[02:29:22] [Folia Async Scheduler Thread #1/INFO]: [SkinsRestorer]     |  Standalone Mode |
[02:29:22] [Folia Async Scheduler Thread #1/INFO]: [SkinsRestorer]     +==================+
[02:29:22] [Folia Async Scheduler Thread #1/INFO]: [SkinsRestorer] ----------------------------------------------
[02:29:22] [Folia Async Scheduler Thread #1/INFO]: [SkinsRestorer]     Version: 15.7.4
[02:29:22] [Folia Async Scheduler Thread #1/INFO]: [SkinsRestorer]     Commit: ed3d159
[02:29:22] [Folia Async Scheduler Thread #1/INFO]: [SkinsRestorer]     A new version (15.7.5) is available! Downloading update...
[02:29:22] [Folia Async Scheduler Thread #1/INFO]: [SkinsRestorer] ----------------------------------------------
[02:29:22] [Folia Async Scheduler Thread #1/INFO]: [SkinsRestorer] Do you have issues? Read our troubleshooting guide: https://skinsrestorer.net/docs/troubleshooting
[02:29:22] [Folia Async Scheduler Thread #1/INFO]: [SkinsRestorer] Want to support SkinsRestorer? Consider donating: https://skinsrestorer.net/donate
[02:29:22] [Folia Async Scheduler Thread #1/INFO]: [SkinsRestorer] [GitHubUpdate] Downloading update...
[02:29:22] [Server thread/INFO]: Preparing start region for dimension minecraft:overworld
[02:29:23] [Folia Async Scheduler Thread #1/INFO]: [SkinsRestorer] [GitHubUpdate] Downloaded update in 615ms
[02:29:23] [Folia Async Scheduler Thread #1/INFO]: [SkinsRestorer] [GitHubUpdate] Update saved as SkinsRestorer.jar
[02:29:23] [Folia Async Scheduler Thread #1/INFO]: [SkinsRestorer] [GitHubUpdate] The update will be loaded on the next server restart
[02:29:23] [Server thread/INFO]: Time elapsed: 1291 ms
[02:29:23] [Server thread/INFO]: Preparing start region for dimension minecraft:the_nether
[02:29:24] [Server thread/INFO]: Time elapsed: 164 ms
[02:29:24] [Server thread/INFO]: Preparing start region for dimension minecraft:the_end
[02:29:24] [Server thread/INFO]: Time elapsed: 115 ms
[02:29:24] [Server thread/INFO]: [CrisTreeCapitator] Enabling CrisTreeCapitator v6.4.4
[02:29:24] [Server thread/INFO]: [CrisTreeCapitator] WorldGuard not found. Maybe WorldGuard or this plugin are not up to date?
[02:29:24] [Thread-9/WARN]: [CrisTreeCapitator] The updater could not find any files for the project id 294976
[02:29:24] [Server thread/ERROR]: [CrisTreeCapitator] [STDERR] Configuration file not created yet. Skipping load.
[02:29:24] [Server thread/WARN]: Nag author(s): '[]' of 'CrisTreeCapitator v6.4.4' about their usage of System.out/err.print. Please use your plugin's logger instead (JavaPlugin#getLogger).
[02:29:24] [Server thread/INFO]: [CrisTreeCapitator] Enabled
[02:29:24] [Server thread/INFO]: [Chunky] Enabling Chunky v1.4.40
[02:29:24] [Server thread/INFO]: [AngelChest] Enabling AngelChest v13.9.4
[02:29:25] [Server thread/INFO]: [AngelChest] groups.yml does not exist, skipping custom group settings.
[02:29:25] [Server thread/INFO]: [AngelChest] blacklist.yml does not exist, disabling item blacklist.
[02:29:25] [Server thread/INFO]: [AngelChest] Not using premium version, disabling Graveyards feature
[02:29:25] [Server thread/WARN]: [AngelChest] Could not add usage/description to command acopen
[02:29:25] [Server thread/INFO]: [AngelChest] Vault not installed, disabling economy functions.
[02:29:25] [Server thread/INFO]: [AngelChest] [ACF] Enabled Asynchronous Tab Completion Support!
[02:29:25] [Server thread/INFO]: [AngelChest] Successfully enabled AngelChest v13.9.4 (Premium: false)
[02:29:25] [Server thread/INFO]: [ActionHealth] Enabling ActionHealth v3.5.9
[02:29:25] [Server thread/INFO]: [spark] Starting background profiler...
[02:29:26] [Server thread/INFO]: Done preparing level "world" (4.013s)
[02:29:26] [Server thread/INFO]: Running delayed init tasks
[02:29:26] [Server thread/INFO]: Done (19.596s)! For help, type "help"
[02:29:26] [Server thread/INFO]: Timings Reset
[02:29:29] [Server thread/INFO]: [AngelChest] ========================================================
[02:29:29] [Server thread/INFO]: [AngelChest] You are using the free version of AngelChest. There is
[02:29:29] [Server thread/INFO]: [AngelChest] also a premium version available, called AngelChestPlus.
[02:29:29] [Server thread/INFO]: [AngelChest] It includes TONS of new features and exclusive Discord
[02:29:29] [Server thread/INFO]: [AngelChest] support. The free version will still receive bugfixes,
[02:29:29] [Server thread/INFO]: [AngelChest] but there won't be ANY new features!
[02:29:29] [Server thread/INFO]: [AngelChest] If you like AngelChest, you will LOVE AngelChestPlus, so
[02:29:29] [Server thread/INFO]: [AngelChest] please consider upgrading! Thank you for using AngelChest.
[02:29:29] [Server thread/INFO]: [AngelChest] 
[02:29:29] [Server thread/INFO]: [AngelChest] https://www.spigotmc.org/resources/88214
[02:29:29] [Server thread/INFO]: [AngelChest] ========================================================
[02:29:42] [User Authenticator #0/INFO]: UUID of player AgustinEz2 is dd4c0740-061a-3a0b-832c-bdde761d88a2
[02:29:44] [Server thread/INFO]: AgustinEz2 joined the game
[02:29:44] [Server thread/INFO]: AgustinEz2[/127.85.175.63:46063] logged in with entity id 131 at ([world]320.1954020827859, 68.0, -447.128773076359)
[02:29:54] [Server thread/INFO]: AgustinEz2 issued server command: /plugins
[02:31:03] [Server thread/INFO]: Made AgustinEz2 a server operator
[02:31:20] [Server thread/INFO]: AgustinEz2 issued server command: /chunky radius 10000
[02:31:26] [Server thread/INFO]: AgustinEz2 issued server command: /chunky start
[02:31:33] [Server thread/INFO]: [Chunky] Task running for world. Processed: 8 chunks (0.00%), ETA: 140:34:39, Rate: 3.1 cps, Current: 2, 1
[02:31:34] [Server thread/INFO]: AgustinEz2 issued server command: /tp 0 ~ 0
[02:31:34] [Server thread/INFO]: [AgustinEz2: Teleported AgustinEz2 to 0.500000, 69.000000, 0.500000]
[02:31:35] [Server thread/INFO]: [Chunky] Task running for world. Processed: 32 chunks (0.00%), ETA: 59:31:42, Rate: 7.3 cps, Current: 4, 2
[02:31:36] [Server thread/INFO]: [Chunky] Task running for world. Processed: 39 chunks (0.00%), ETA: 61:51:06, Rate: 7.0 cps, Current: 4, 1
[02:31:37] [Server thread/INFO]: [Chunky] Task running for world. Processed: 51 chunks (0.00%), ETA: 56:03:37, Rate: 7.8 cps, Current: 5, 1
[02:31:38] [Server thread/WARN]: AgustinEz2 was kicked for floating too long!
[02:31:38] [Server thread/INFO]: AgustinEz2 lost connection: Flying is not enabled on this server
[02:31:38] [Server thread/INFO]: AgustinEz2 left the game
[02:31:39] [Server thread/INFO]: [Chunky] Task running for world. Processed: 62 chunks (0.00%), ETA: 60:35:07, Rate: 7.2 cps, Current: 5, 0
[02:31:41] [Server thread/INFO]: [Chunky] Task running for world. Processed: 64 chunks (0.00%), ETA: 66:06:32, Rate: 6.6 cps, Current: 8, 2
[02:31:42] [Server thread/INFO]: [Chunky] Task running for world. Processed: 74 chunks (0.00%), ETA: 65:07:01, Rate: 6.7 cps, Current: 10, 1
[02:31:43] [User Authenticator #1/INFO]: UUID of player AgustinEz2 is dd4c0740-061a-3a0b-832c-bdde761d88a2
[02:31:43] [Server thread/INFO]: [Chunky] Task running for world. Processed: 82 chunks (0.01%), ETA: 65:21:50, Rate: 6.7 cps, Current: 9, 4
[02:31:44] [Server thread/INFO]: AgustinEz2 joined the game
[02:31:44] [Server thread/INFO]: AgustinEz2[/127.85.175.63:49609] logged in with entity id 691 at ([world]0.5, 68.8447679954834, 0.5)
[02:31:44] [Server thread/INFO]: [Chunky] Task running for world. Processed: 102 chunks (0.01%), ETA: 58:15:27, Rate: 7.5 cps, Current: 14, 3
[02:31:46] [Server thread/INFO]: [Chunky] Task running for world. Processed: 122 chunks (0.01%), ETA: 54:18:27, Rate: 8.0 cps, Current: 9, 9
[02:31:47] [Server thread/INFO]: [Chunky] Task running for world. Processed: 137 chunks (0.01%), ETA: 51:37:33, Rate: 8.4 cps, Current: 11, 9
[02:31:49] [Server thread/INFO]: [Chunky] Task running for world. Processed: 141 chunks (0.01%), ETA: 55:30:35, Rate: 7.8 cps, Current: 12, 9
[02:31:50] [Server thread/INFO]: [Chunky] Task running for world. Processed: 147 chunks (0.01%), ETA: 56:36:54, Rate: 7.7 cps, Current: 15, 8
[02:31:51] [Server thread/INFO]: [Chunky] Task running for world. Processed: 155 chunks (0.01%), ETA: 56:51:42, Rate: 7.6 cps, Current: 14, 9
[02:31:53] [Server thread/INFO]: [Chunky] Task running for world. Processed: 160 chunks (0.01%), ETA: 59:07:17, Rate: 7.4 cps, Current: 12, 13
[02:31:54] [Server thread/INFO]: [Chunky] Task running for world. Processed: 168 chunks (0.01%), ETA: 59:17:49, Rate: 7.3 cps, Current: 14, 13
[02:31:54] [Server thread/INFO]: AgustinEz2 issued server command: /chunky start
[02:31:55] [Server thread/INFO]: [Chunky] Task running for world. Processed: 190 chunks (0.01%), ETA: 54:57:37, Rate: 7.9 cps, Current: 7, 13
[02:31:57] [Server thread/INFO]: [Chunky] Task running for world. Processed: 203 chunks (0.01%), ETA: 56:31:48, Rate: 7.7 cps, Current: 5, 10
[02:31:58] [Server thread/INFO]: [Chunky] Task running for world. Processed: 219 chunks (0.01%), ETA: 54:36:09, Rate: 8.0 cps, Current: 5, 12
[02:32:00] [Server thread/INFO]: [Chunky] Task running for world. Processed: 231 chunks (0.01%), ETA: 54:12:56, Rate: 8.0 cps, Current: 1, 11
[02:32:00] [Server thread/INFO]: AgustinEz2 issued server command: /chunky progress
[02:32:01] [Server thread/INFO]: [Chunky] Task running for world. Processed: 246 chunks (0.02%), ETA: 50:08:56, Rate: 8.7 cps, Current: 2, 13
[02:32:02] [Server thread/INFO]: [Chunky] Task running for world. Processed: 249 chunks (0.02%), ETA: 51:49:01, Rate: 8.4 cps, Current: 2, 15
[02:32:03] [Server thread/INFO]: [Chunky] Task running for world. Processed: 256 chunks (0.02%), ETA: 52:10:38, Rate: 8.3 cps, Current: 1, 13
[02:32:05] [Server thread/INFO]: [Chunky] Task running for world. Processed: 264 chunks (0.02%), ETA: 55:43:42, Rate: 7.8 cps, Current: 1, 16
[02:32:06] [Server thread/INFO]: [Chunky] Task running for world. Processed: 277 chunks (0.02%), ETA: 55:31:17, Rate: 7.8 cps, Current: 6, 18
[02:32:08] [Server thread/INFO]: [Chunky] Task running for world. Processed: 283 chunks (0.02%), ETA: 55:18:19, Rate: 7.9 cps, Current: 0, 17
[02:32:09] [Server thread/INFO]: [Chunky] Task running for world. Processed: 297 chunks (0.02%), ETA: 54:34:09, Rate: 8.0 cps, Current: 3, 22
[02:32:10] [Server thread/INFO]: [Chunky] Task running for world. Processed: 305 chunks (0.02%), ETA: 53:31:04, Rate: 8.1 cps, Current: 0, 20
[02:32:12] [Server thread/INFO]: [Chunky] Task running for world. Processed: 309 chunks (0.02%), ETA: 55:08:30, Rate: 7.9 cps, Current: 2, 23
[02:32:13] [Server thread/INFO]: [Chunky] Task running for world. Processed: 322 chunks (0.02%), ETA: 56:42:24, Rate: 7.7 cps, Current: 0, 21
[02:32:15] [Server thread/INFO]: [Chunky] Task running for world. Processed: 325 chunks (0.02%), ETA: 61:05:59, Rate: 7.1 cps, Current: 2, 27
[02:32:16] [Server thread/INFO]: [Chunky] Task running for world. Processed: 347 chunks (0.02%), ETA: 57:10:48, Rate: 7.6 cps, Current: 3, 29
[02:32:17] [Server thread/INFO]: [Chunky] Task running for world. Processed: 351 chunks (0.02%), ETA: 60:11:03, Rate: 7.2 cps, Current: 5, 25
[02:32:18] [Server thread/INFO]: [Chunky] Task running for world. Processed: 356 chunks (0.02%), ETA: 58:34:53, Rate: 7.4 cps, Current: 0, 27
[02:32:19] [Server thread/INFO]: [Chunky] Task running for world. Processed: 370 chunks (0.02%), ETA: 56:35:30, Rate: 7.7 cps, Current: 6, 26
[02:32:20] [Server thread/INFO]: [Chunky] Task running for world. Processed: 379 chunks (0.02%), ETA: 56:18:18, Rate: 7.7 cps, Current: 9, 25
[02:32:21] [Server thread/INFO]: [Chunky] Task running for world. Processed: 383 chunks (0.02%), ETA: 55:36:55, Rate: 7.8 cps, Current: 7, 28
[02:32:23] [Server thread/INFO]: [Chunky] Task running for world. Processed: 402 chunks (0.03%), ETA: 53:48:24, Rate: 8.1 cps, Current: 8, 30
[02:32:24] [Server thread/INFO]: [Chunky] Task running for world. Processed: 419 chunks (0.03%), ETA: 55:32:53, Rate: 7.8 cps, Current: 11, 30
[02:32:26] [Server thread/INFO]: [Chunky] Task running for world. Processed: 441 chunks (0.03%), ETA: 51:53:31, Rate: 8.4 cps, Current: 8, 22
[02:32:27] [Server thread/INFO]: [Chunky] Task running for world. Processed: 468 chunks (0.03%), ETA: 48:41:55, Rate: 8.9 cps, Current: 15, 29
[02:32:29] [Server thread/INFO]: [Chunky] Task running for world. Processed: 514 chunks (0.03%), ETA: 44:11:32, Rate: 9.8 cps, Current: 16, 17
[02:32:30] [Server thread/INFO]: [Chunky] Task running for world. Processed: 524 chunks (0.03%), ETA: 44:13:50, Rate: 9.8 cps, Current: 21, 18
[02:32:31] [Server thread/INFO]: [Chunky] Task running for world. Processed: 550 chunks (0.04%), ETA: 42:08:20, Rate: 10.3 cps, Current: 16, 22
[02:32:32] [Server thread/INFO]: [Chunky] Task running for world. Processed: 563 chunks (0.04%), ETA: 40:30:20, Rate: 10.7 cps, Current: 20, 16
[02:32:33] [Server thread/INFO]: [Chunky] Task running for world. Processed: 594 chunks (0.04%), ETA: 37:41:00, Rate: 11.5 cps, Current: 18, 27
[02:32:34] [Server thread/INFO]: [Chunky] Task running for world. Processed: 623 chunks (0.04%), ETA: 34:51:20, Rate: 12.5 cps, Current: 22, 25
[02:32:35] [Server thread/INFO]: [Chunky] Task running for world. Processed: 634 chunks (0.04%), ETA: 35:06:39, Rate: 12.4 cps, Current: 23, 26
[02:32:36] [Server thread/INFO]: [Chunky] Task running for world. Processed: 658 chunks (0.04%), ETA: 33:16:03, Rate: 13.1 cps, Current: 26, 24
[02:32:37] [Server thread/INFO]: [Chunky] Task running for world. Processed: 674 chunks (0.04%), ETA: 33:01:12, Rate: 13.2 cps, Current: 28, 27
[02:32:39] [Server thread/INFO]: [Chunky] Task running for world. Processed: 697 chunks (0.04%), ETA: 32:04:10, Rate: 13.5 cps, Current: 28, 31
[02:32:39] [Server thread/INFO]: AgustinEz2 issued server command: /chunky progress
[02:32:40] [Server thread/INFO]: [Chunky] Task running for world. Processed: 714 chunks (0.05%), ETA: 31:08:45, Rate: 14.0 cps, Current: 31, 30
[02:32:41] [Server thread/INFO]: [Chunky] Task running for world. Processed: 742 chunks (0.05%), ETA: 28:43:37, Rate: 15.1 cps, Current: 27, 19
[02:32:42] [Server thread/INFO]: [Chunky] Task running for world. Processed: 761 chunks (0.05%), ETA: 28:29:10, Rate: 15.3 cps, Current: 30, 19
[02:32:43] [Server thread/INFO]: [Chunky] Task running for world. Processed: 778 chunks (0.05%), ETA: 28:29:55, Rate: 15.2 cps, Current: 28, 10
[02:32:44] [Server thread/INFO]: [Chunky] Task running for world. Processed: 800 chunks (0.05%), ETA: 27:04:46, Rate: 16.0 cps, Current: 31, 17
[02:32:45] [Server thread/INFO]: [Chunky] Task running for world. Processed: 819 chunks (0.05%), ETA: 27:13:07, Rate: 16.0 cps, Current: 21, 15
[02:32:46] [Server thread/INFO]: [Chunky] Task running for world. Processed: 858 chunks (0.05%), ETA: 25:17:17, Rate: 17.2 cps, Current: 23, 12
[02:32:48] [Server thread/INFO]: [Chunky] Task running for world. Processed: 905 chunks (0.06%), ETA: 23:25:41, Rate: 18.5 cps, Current: 16, 6
[02:32:49] [Server thread/INFO]: [Chunky] Task running for world. Processed: 930 chunks (0.06%), ETA: 22:56:17, Rate: 18.9 cps, Current: 17, 1
[02:32:50] [Server thread/INFO]: [Chunky] Task running for world. Processed: 958 chunks (0.06%), ETA: 22:09:26, Rate: 19.6 cps, Current: 18, 0
[02:32:51] [Server thread/INFO]: [Chunky] Task running for world. Processed: 986 chunks (0.06%), ETA: 21:16:22, Rate: 20.4 cps, Current: 28, 6
[02:32:52] [Server thread/INFO]: [Chunky] Task running for world. Processed: 1005 chunks (0.06%), ETA: 20:55:38, Rate: 20.8 cps, Current: 31, 6
[02:32:54] [Server thread/INFO]: [Chunky] Task running for world. Processed: 1018 chunks (0.07%), ETA: 21:17:22, Rate: 20.4 cps, Current: 32, 2
[02:32:55] [Server thread/INFO]: [Chunky] Task running for world. Processed: 1026 chunks (0.07%), ETA: 21:54:39, Rate: 19.8 cps, Current: 33, 2
[02:32:57] [Server thread/INFO]: [Chunky] Task running for world. Processed: 1038 chunks (0.07%), ETA: 22:37:53, Rate: 19.2 cps, Current: 29, 0
[02:32:58] [Server thread/INFO]: [Chunky] Task running for world. Processed: 1041 chunks (0.07%), ETA: 24:07:50, Rate: 18.0 cps, Current: 30, 0
[02:32:59] [Server thread/INFO]: [Chunky] Task running for world. Processed: 1060 chunks (0.07%), ETA: 23:45:59, Rate: 18.3 cps, Current: 36, 3
[02:33:00] [Server thread/INFO]: [Chunky] Task running for world. Processed: 1069 chunks (0.07%), ETA: 24:33:15, Rate: 17.7 cps, Current: 35, 7
[02:33:01] [Server thread/INFO]: [Chunky] Task running for world. Processed: 1077 chunks (0.07%), ETA: 24:52:30, Rate: 17.5 cps, Current: 39, 2
[02:33:02] [Server thread/INFO]: [Chunky] Task running for world. Processed: 1091 chunks (0.07%), ETA: 25:54:29, Rate: 16.8 cps, Current: 38, 0
[02:33:04] [Server thread/INFO]: [Chunky] Task running for world. Processed: 1123 chunks (0.07%), ETA: 25:50:08, Rate: 16.8 cps, Current: 40, 6
[02:33:05] [Server thread/INFO]: [Chunky] Task running for world. Processed: 1146 chunks (0.07%), ETA: 24:57:20, Rate: 17.4 cps, Current: 42, 7
[02:33:06] [Server thread/INFO]: [Chunky] Task running for world. Processed: 1163 chunks (0.07%), ETA: 25:09:08, Rate: 17.3 cps, Current: 41, 10
[02:33:07] [Server thread/INFO]: [Chunky] Task running for world. Processed: 1176 chunks (0.08%), ETA: 25:19:21, Rate: 17.2 cps, Current: 47, 8
[02:33:08] [Server thread/INFO]: [Chunky] Task running for world. Processed: 1196 chunks (0.08%), ETA: 25:20:10, Rate: 17.1 cps, Current: 46, 14
[02:33:09] [Server thread/INFO]: [Chunky] Task running for world. Processed: 1209 chunks (0.08%), ETA: 25:31:22, Rate: 17.0 cps, Current: 47, 12
[02:33:10] [Server thread/INFO]: [Chunky] Task running for world. Processed: 1253 chunks (0.08%), ETA: 24:43:22, Rate: 17.6 cps, Current: 33, 11
[02:33:11] [Server thread/INFO]: [Chunky] Task running for world. Processed: 1293 chunks (0.08%), ETA: 23:44:18, Rate: 18.3 cps, Current: 33, 18
[02:33:12] [Server thread/INFO]: [Chunky] Task running for world. Processed: 1323 chunks (0.08%), ETA: 23:07:15, Rate: 18.8 cps, Current: 33, 22
[02:33:13] [Server thread/INFO]: [Chunky] Task running for world. Processed: 1350 chunks (0.09%), ETA: 22:54:10, Rate: 19.0 cps, Current: 33, 29
[02:33:14] [Server thread/INFO]: [Chunky] Task running for world. Processed: 1377 chunks (0.09%), ETA: 22:34:15, Rate: 19.2 cps, Current: 34, 30
[02:33:16] [Server thread/INFO]: [Chunky] Task running for world. Processed: 1391 chunks (0.09%), ETA: 23:42:43, Rate: 18.3 cps, Current: 38, 25
[02:33:17] [Server thread/INFO]: [Chunky] Task running for world. Processed: 1413 chunks (0.09%), ETA: 24:50:50, Rate: 17.5 cps, Current: 37, 31
[02:33:17] [Server thread/INFO]: AgustinEz2 issued server command: /chunky progress
[02:33:18] [Server thread/INFO]: [Chunky] Task running for world. Processed: 1430 chunks (0.09%), ETA: 25:08:54, Rate: 17.3 cps, Current: 41, 30
[02:33:19] [Server thread/INFO]: [Chunky] Task running for world. Processed: 1450 chunks (0.09%), ETA: 25:29:46, Rate: 17.0 cps, Current: 45, 26
[02:33:20] [Server thread/INFO]: [Chunky] Task running for world. Processed: 1466 chunks (0.09%), ETA: 26:25:09, Rate: 16.4 cps, Current: 46, 26
[02:33:21] [Server thread/INFO]: [Chunky] Task running for world. Processed: 1530 chunks (0.10%), ETA: 24:07:06, Rate: 18.0 cps, Current: 47, 22
[02:33:22] [Server thread/INFO]: [Chunky] Task running for world. Processed: 1539 chunks (0.10%), ETA: 23:59:39, Rate: 18.1 cps, Current: 48, 18
[02:33:24] [Server thread/INFO]: [Chunky] Task running for world. Processed: 1566 chunks (0.10%), ETA: 22:52:01, Rate: 19.0 cps, Current: 51, 17
[02:33:25] [Server thread/INFO]: [Chunky] Task running for world. Processed: 1588 chunks (0.10%), ETA: 22:45:41, Rate: 19.1 cps, Current: 49, 24
[02:33:26] [Server thread/INFO]: [Chunky] Task running for world. Processed: 1617 chunks (0.10%), ETA: 21:51:53, Rate: 19.9 cps, Current: 55, 23
[02:33:27] [Server thread/INFO]: [Chunky] Task running for world. Processed: 1635 chunks (0.10%), ETA: 21:16:21, Rate: 20.4 cps, Current: 50, 30
[02:33:28] [Server thread/INFO]: [Chunky] Task running for world. Processed: 1658 chunks (0.11%), ETA: 21:17:07, Rate: 20.4 cps, Current: 51, 31
[02:33:29] [Server thread/INFO]: [Chunky] Task running for world. Processed: 1681 chunks (0.11%), ETA: 20:50:29, Rate: 20.8 cps, Current: 58, 28
[02:33:30] [Server thread/INFO]: [Chunky] Task running for world. Processed: 1700 chunks (0.11%), ETA: 20:27:10, Rate: 21.2 cps, Current: 60, 25
[02:33:32] [Server thread/INFO]: [Chunky] Task running for world. Processed: 1721 chunks (0.11%), ETA: 20:04:57, Rate: 21.6 cps, Current: 60, 31
[02:33:33] [Server thread/INFO]: [Chunky] Task running for world. Processed: 1744 chunks (0.11%), ETA: 20:11:56, Rate: 21.5 cps, Current: 56, 19
[02:33:34] [Server thread/INFO]: [Chunky] Task running for world. Processed: 1773 chunks (0.11%), ETA: 20:04:02, Rate: 21.6 cps, Current: 57, 16
[02:33:35] [Server thread/INFO]: [Chunky] Task running for world. Processed: 1786 chunks (0.11%), ETA: 20:20:33, Rate: 21.3 cps, Current: 63, 19
[02:33:36] [Server thread/INFO]: [Chunky] Task running for world. Processed: 1801 chunks (0.12%), ETA: 20:27:57, Rate: 21.2 cps, Current: 63, 18
[02:33:37] [Server thread/INFO]: [Chunky] Task running for world. Processed: 1827 chunks (0.12%), ETA: 20:15:54, Rate: 21.4 cps, Current: 60, 9
[02:33:39] [Server thread/INFO]: [Chunky] Task running for world. Processed: 1856 chunks (0.12%), ETA: 19:51:56, Rate: 21.9 cps, Current: 55, 14
[02:33:40] [Server thread/INFO]: [Chunky] Task running for world. Processed: 1889 chunks (0.12%), ETA: 20:13:08, Rate: 21.5 cps, Current: 48, 11
[02:33:41] [Server thread/INFO]: [Chunky] Task running for world. Processed: 1922 chunks (0.12%), ETA: 20:11:23, Rate: 21.5 cps, Current: 48, 7
[02:33:42] [Server thread/INFO]: [Chunky] Task running for world. Processed: 1954 chunks (0.12%), ETA: 20:14:09, Rate: 21.5 cps, Current: 50, 2
[02:33:43] [Server thread/INFO]: [Chunky] Task running for world. Processed: 1990 chunks (0.13%), ETA: 19:56:36, Rate: 21.8 cps, Current: 53, 1
[02:33:44] [Server thread/INFO]: [Chunky] Task running for world. Processed: 2018 chunks (0.13%), ETA: 19:59:10, Rate: 21.7 cps, Current: 54, 0
[02:33:45] [Server thread/INFO]: [Chunky] Task running for world. Processed: 2038 chunks (0.13%), ETA: 19:51:33, Rate: 21.9 cps, Current: 61, 3
[02:33:46] [Server thread/INFO]: [Chunky] Task running for world. Processed: 2062 chunks (0.13%), ETA: 19:48:18, Rate: 21.9 cps, Current: 62, 1
[02:33:47] [Server thread/INFO]: [Chunky] Task running for world. Processed: 2079 chunks (0.13%), ETA: 19:49:51, Rate: 21.9 cps, Current: 63, 1
[02:33:48] [Server thread/INFO]: [Chunky] Task running for world. Processed: 2093 chunks (0.13%), ETA: 20:01:01, Rate: 21.7 cps, Current: 38, -28
[02:33:49] [Server thread/INFO]: AgustinEz2 issued server command: /chunky progress
[02:33:50] [Server thread/INFO]: [Chunky] Task running for world. Processed: 2102 chunks (0.13%), ETA: 20:23:27, Rate: 21.3 cps, Current: 38, -31
[02:33:51] [Server thread/INFO]: [Chunky] Task running for world. Processed: 2124 chunks (0.14%), ETA: 21:18:23, Rate: 20.4 cps, Current: 43, -31
[02:33:53] [Server thread/INFO]: [Chunky] Task running for world. Processed: 2148 chunks (0.14%), ETA: 21:38:45, Rate: 20.1 cps, Current: 43, -32
[02:33:54] [Server thread/INFO]: [Chunky] Task running for world. Processed: 2159 chunks (0.14%), ETA: 22:03:08, Rate: 19.7 cps, Current: 47, -30
[02:33:55] [Server thread/INFO]: [Chunky] Task running for world. Processed: 2171 chunks (0.14%), ETA: 22:48:57, Rate: 19.0 cps, Current: 43, -25
[02:33:56] [Server thread/INFO]: [Chunky] Task running for world. Processed: 2184 chunks (0.14%), ETA: 23:04:25, Rate: 18.8 cps, Current: 41, -22
[02:33:58] [Server thread/INFO]: [Chunky] Task running for world. Processed: 2194 chunks (0.14%), ETA: 23:50:17, Rate: 18.2 cps, Current: 40, -22
[02:33:59] [Server thread/INFO]: [Chunky] Task running for world. Processed: 2210 chunks (0.14%), ETA: 24:16:29, Rate: 17.9 cps, Current: 42, -20
[02:34:01] [Server thread/INFO]: [Chunky] Task running for world. Processed: 2218 chunks (0.14%), ETA: 25:15:39, Rate: 17.2 cps, Current: 42, -19
[02:34:02] [Server thread/INFO]: [Chunky] Task running for world. Processed: 2251 chunks (0.14%), ETA: 24:45:32, Rate: 17.5 cps, Current: 47, -20
[02:34:03] [Server thread/INFO]: [Chunky] Task running for world. Processed: 2302 chunks (0.15%), ETA: 23:40:29, Rate: 18.3 cps, Current: 38, -17
[02:34:04] [Server thread/INFO]: [Chunky] Task running for world. Processed: 2321 chunks (0.15%), ETA: 23:22:16, Rate: 18.6 cps, Current: 32, -14
[02:34:05] [Server thread/INFO]: [Chunky] Task running for world. Processed: 2337 chunks (0.15%), ETA: 23:32:23, Rate: 18.4 cps, Current: 38, -14
[02:34:06] [Server thread/INFO]: [Chunky] Task running for world. Processed: 2353 chunks (0.15%), ETA: 23:57:45, Rate: 18.1 cps, Current: 33, -11
[02:34:07] [Server thread/INFO]: [Chunky] Task running for world. Processed: 2385 chunks (0.15%), ETA: 23:43:18, Rate: 18.3 cps, Current: 32, -10
[02:34:09] [Server thread/INFO]: [Chunky] Task running for world. Processed: 2422 chunks (0.15%), ETA: 23:32:54, Rate: 18.4 cps, Current: 39, -2
[02:34:10] [Server thread/INFO]: [Chunky] Task running for world. Processed: 2460 chunks (0.16%), ETA: 23:30:12, Rate: 18.5 cps, Current: 47, -1
[02:34:11] [Server thread/INFO]: [Chunky] Task running for world. Processed: 2489 chunks (0.16%), ETA: 23:37:40, Rate: 18.4 cps, Current: 46, -3
[02:34:12] [Server thread/INFO]: [Chunky] Task running for world. Processed: 2519 chunks (0.16%), ETA: 23:50:03, Rate: 18.2 cps, Current: 45, -11
[02:34:13] [Server thread/INFO]: [Chunky] Task running for world. Processed: 2562 chunks (0.16%), ETA: 23:12:37, Rate: 18.7 cps, Current: 48, -15
[02:34:14] [Server thread/INFO]: [Chunky] Task running for world. Processed: 2567 chunks (0.16%), ETA: 23:46:46, Rate: 18.3 cps, Current: 49, -16
[02:34:15] [Server thread/INFO]: [Chunky] Task running for world. Processed: 2593 chunks (0.17%), ETA: 23:35:16, Rate: 18.4 cps, Current: 54, -15
[02:34:17] [Server thread/INFO]: [Chunky] Task running for world. Processed: 2623 chunks (0.17%), ETA: 23:12:02, Rate: 18.7 cps, Current: 49, -6
[02:34:18] [Server thread/INFO]: [Chunky] Task running for world. Processed: 2675 chunks (0.17%), ETA: 21:45:28, Rate: 19.9 cps, Current: 54, -8
[02:34:19] [Server thread/INFO]: [Chunky] Task running for world. Processed: 2705 chunks (0.17%), ETA: 20:36:25, Rate: 21.1 cps, Current: 57, -7
[02:34:20] [Server thread/INFO]: [Chunky] Task running for world. Processed: 2729 chunks (0.17%), ETA: 20:33:26, Rate: 21.1 cps, Current: 60, -6
[02:34:21] [Server thread/INFO]: [Chunky] Task running for world. Processed: 2758 chunks (0.18%), ETA: 20:19:04, Rate: 21.4 cps, Current: 63, -3
[02:34:22] [Server thread/INFO]: [Chunky] Task running for world. Processed: 2782 chunks (0.18%), ETA: 19:54:49, Rate: 21.8 cps, Current: 59, -12
[02:34:23] [Server thread/INFO]: [Chunky] Task running for world. Processed: 2806 chunks (0.18%), ETA: 19:39:21, Rate: 22.1 cps, Current: 61, -14
[02:34:24] [Server thread/INFO]: [Chunky] Task running for world. Processed: 2814 chunks (0.18%), ETA: 19:40:02, Rate: 22.1 cps, Current: 61, -19
[02:34:25] [Server thread/INFO]: [Chunky] Task running for world. Processed: 2826 chunks (0.18%), ETA: 19:40:56, Rate: 22.0 cps, Current: 62, -18
[02:34:27] [Server thread/INFO]: [Chunky] Task running for world. Processed: 2851 chunks (0.18%), ETA: 19:11:59, Rate: 22.6 cps, Current: 60, -23
[02:34:28] [Server thread/INFO]: [Chunky] Task running for world. Processed: 2880 chunks (0.18%), ETA: 18:49:15, Rate: 23.1 cps, Current: 59, -24
[02:34:29] [Server thread/INFO]: [Chunky] Task running for world. Processed: 2931 chunks (0.19%), ETA: 17:27:36, Rate: 24.9 cps, Current: 49, -23
[02:34:30] [Server thread/INFO]: [Chunky] Task running for world. Processed: 2962 chunks (0.19%), ETA: 17:18:58, Rate: 25.1 cps, Current: 49, -27
[02:34:31] [Server thread/INFO]: [Chunky] Task running for world. Processed: 2986 chunks (0.19%), ETA: 17:31:40, Rate: 24.8 cps, Current: 49, -31
[02:34:33] [Server thread/INFO]: [Chunky] Task running for world. Processed: 3014 chunks (0.19%), ETA: 18:14:33, Rate: 23.8 cps, Current: 50, -32
[02:34:34] [Server thread/INFO]: [Chunky] Task running for world. Processed: 3038 chunks (0.19%), ETA: 18:01:41, Rate: 24.1 cps, Current: 54, -32
[02:34:36] [Server thread/INFO]: [Chunky] Task running for world. Processed: 3057 chunks (0.20%), ETA: 17:54:25, Rate: 24.2 cps, Current: 62, -28
[02:34:37] [Server thread/INFO]: [Chunky] Task running for world. Processed: 3080 chunks (0.20%), ETA: 18:14:05, Rate: 23.8 cps, Current: 6, -29
[02:34:38] [Server thread/INFO]: [Chunky] Task running for world. Processed: 3251 chunks (0.21%), ETA: 15:18:00, Rate: 28.4 cps, Current: 62, -32
[02:34:39] [Server thread/INFO]: [Chunky] Task running for world. Processed: 3263 chunks (0.21%), ETA: 15:42:46, Rate: 27.6 cps, Current: 5, -25
[02:34:40] [Server thread/INFO]: [Chunky] Task running for world. Processed: 3413 chunks (0.22%), ETA: 13:34:19, Rate: 32.0 cps, Current: 7, -14
[02:34:41] [Server thread/INFO]: [Chunky] Task running for world. Processed: 3482 chunks (0.22%), ETA: 13:03:04, Rate: 33.2 cps, Current: 11, -6
[02:34:42] [Server thread/INFO]: [Chunky] Task running for world. Processed: 3554 chunks (0.23%), ETA: 12:36:28, Rate: 34.4 cps, Current: 12, -11
[02:34:43] [Server thread/INFO]: [Chunky] Task running for world. Processed: 3590 chunks (0.23%), ETA: 12:17:02, Rate: 35.3 cps, Current: 19, -14
[02:34:44] [Server thread/INFO]: [Chunky] Task running for world. Processed: 3629 chunks (0.23%), ETA: 12:07:30, Rate: 35.8 cps, Current: 16, -9
[02:34:46] [Server thread/INFO]: [Chunky] Task running for world. Processed: 3667 chunks (0.23%), ETA: 12:00:58, Rate: 36.1 cps, Current: 19, -2
[02:34:47] [Server thread/INFO]: [Chunky] Task running for world. Processed: 3710 chunks (0.24%), ETA: 12:08:52, Rate: 35.7 cps, Current: 23, -4
[02:34:48] [Server thread/INFO]: [Chunky] Task running for world. Processed: 3774 chunks (0.24%), ETA: 11:52:16, Rate: 36.5 cps, Current: 26, -8
[02:34:53] [Server thread/INFO]: [Chunky] Task running for world. Processed: 4097 chunks (0.26%), ETA: 9:49:43, Rate: 44.1 cps, Current: -27, -27
[02:34:55] [Server thread/INFO]: [Chunky] Task running for world. Processed: 4102 chunks (0.26%), ETA: 10:03:44, Rate: 43.1 cps, Current: -31, -31
[02:34:56] [Server thread/INFO]: [Chunky] Task running for world. Processed: 4121 chunks (0.26%), ETA: 9:59:05, Rate: 43.4 cps, Current: -29, -29
[02:34:57] [Server thread/INFO]: [Chunky] Task running for world. Processed: 4125 chunks (0.26%), ETA: 10:06:48, Rate: 42.9 cps, Current: -30, -32
[02:34:58] [Server thread/INFO]: [Chunky] Task running for world. Processed: 4153 chunks (0.27%), ETA: 10:17:31, Rate: 42.1 cps, Current: -28, -31
[02:34:59] [Server thread/INFO]: [Chunky] Task running for world. Processed: 4156 chunks (0.27%), ETA: 10:32:52, Rate: 41.1 cps, Current: -27, -31
[02:35:01] [Server thread/INFO]: [Chunky] Task running for world. Processed: 4173 chunks (0.27%), ETA: 10:38:28, Rate: 40.7 cps, Current: -22, -31
[02:35:02] [Server thread/INFO]: [Chunky] Task running for world. Processed: 4205 chunks (0.27%), ETA: 10:29:35, Rate: 41.3 cps, Current: -22, -32
[02:35:03] [Server thread/INFO]: [Chunky] Task running for world. Processed: 4226 chunks (0.27%), ETA: 10:41:44, Rate: 40.5 cps, Current: -17, -25
[02:35:03] [Server thread/INFO]: AgustinEz2 issued server command: /chunky progress
[02:35:04] [Server thread/INFO]: [Chunky] Task running for world. Processed: 4239 chunks (0.27%), ETA: 10:48:42, Rate: 40.1 cps, Current: -18, -23
[02:35:05] [Server thread/INFO]: [Chunky] Task running for world. Processed: 4259 chunks (0.27%), ETA: 10:32:06, Rate: 41.2 cps, Current: -17, -22
[02:35:06] [Server thread/INFO]: [Chunky] Task running for world. Processed: 4276 chunks (0.27%), ETA: 10:34:06, Rate: 41.0 cps, Current: -23, -19
[02:35:07] [Server thread/INFO]: [Chunky] Task running for world. Processed: 4294 chunks (0.27%), ETA: 12:06:48, Rate: 35.8 cps, Current: -27, -23
[02:35:08] [Server thread/INFO]: [Chunky] Task running for world. Processed: 4323 chunks (0.28%), ETA: 11:54:20, Rate: 36.4 cps, Current: -28, -21
[02:35:09] [Server thread/INFO]: [Chunky] Task running for world. Processed: 4349 chunks (0.28%), ETA: 13:31:18, Rate: 32.1 cps, Current: -31, -20
[02:35:10] [Server thread/INFO]: [Chunky] Task running for world. Processed: 4359 chunks (0.28%), ETA: 14:24:27, Rate: 30.1 cps, Current: -25, -15
[02:35:11] [Server thread/INFO]: [Chunky] Task running for world. Processed: 4378 chunks (0.28%), ETA: 15:24:50, Rate: 28.1 cps, Current: -25, -13
[02:35:12] [Server thread/INFO]: [Chunky] Task running for world. Processed: 4399 chunks (0.28%), ETA: 15:35:33, Rate: 27.8 cps, Current: -25, -11
[02:35:13] [Server thread/INFO]: [Chunky] Task running for world. Processed: 4405 chunks (0.28%), ETA: 16:16:47, Rate: 26.6 cps, Current: -32, -12
[02:35:14] [Server thread/INFO]: [Chunky] Task running for world. Processed: 4418 chunks (0.28%), ETA: 16:40:22, Rate: 26.0 cps, Current: -30, -5
[02:35:16] [Server thread/INFO]: [Chunky] Task running for world. Processed: 4428 chunks (0.28%), ETA: 17:03:04, Rate: 25.4 cps, Current: -29, -3
[02:35:17] [Server thread/INFO]: [Chunky] Task running for world. Processed: 4455 chunks (0.28%), ETA: 18:18:26, Rate: 23.7 cps, Current: -26, -7
[02:35:18] [Server thread/INFO]: [Chunky] Task running for world. Processed: 4480 chunks (0.29%), ETA: 18:18:26, Rate: 23.7 cps, Current: -25, -2
[02:35:19] [Server thread/INFO]: [Chunky] Task running for world. Processed: 4493 chunks (0.29%), ETA: 28:51:53, Rate: 15.0 cps, Current: -22, -6
[02:35:20] [Server thread/INFO]: [Chunky] Task running for world. Processed: 4518 chunks (0.29%), ETA: 28:11:56, Rate: 15.4 cps, Current: -21, -2
[02:35:21] [Server thread/INFO]: [Chunky] Task running for world. Processed: 4553 chunks (0.29%), ETA: 26:59:31, Rate: 16.1 cps, Current: -17, -10
[02:35:22] [Server thread/INFO]: [Chunky] Task running for world. Processed: 4823 chunks (0.31%), ETA: 17:34:19, Rate: 24.7 cps, Current: -15, -15
[02:35:23] [Server thread/INFO]: [Chunky] Task running for world. Processed: 4858 chunks (0.31%), ETA: 16:03:21, Rate: 27.0 cps, Current: -11, -16
[02:35:24] [Server thread/INFO]: [Chunky] Task running for world. Processed: 4884 chunks (0.31%), ETA: 16:16:27, Rate: 26.6 cps, Current: -4, -17
[02:35:25] [Server thread/INFO]: [Chunky] Task running for world. Processed: 4917 chunks (0.31%), ETA: 15:55:10, Rate: 27.2 cps, Current: -3, -24
[02:35:26] [Server thread/INFO]: [Chunky] Task running for world. Processed: 4955 chunks (0.32%), ETA: 15:17:32, Rate: 28.3 cps, Current: -8, -21
[02:35:28] [Server thread/INFO]: [Chunky] Task running for world. Processed: 5001 chunks (0.32%), ETA: 14:55:41, Rate: 29.0 cps, Current: -9, -25
[02:35:29] [Server thread/INFO]: [Chunky] Task running for world. Processed: 5030 chunks (0.32%), ETA: 14:34:08, Rate: 29.7 cps, Current: -12, -28
[02:35:30] [Server thread/INFO]: [Chunky] Task running for world. Processed: 5065 chunks (0.32%), ETA: 14:13:32, Rate: 30.5 cps, Current: -6, -26
[02:35:31] [Server thread/INFO]: [Chunky] Task running for world. Processed: 5111 chunks (0.33%), ETA: 14:04:26, Rate: 30.8 cps, Current: -10, -32
[02:35:32] [Server thread/INFO]: [Chunky] Task running for world. Processed: 5113 chunks (0.33%), ETA: 14:30:17, Rate: 29.9 cps, Current: -8, -32
[02:35:34] [Server thread/INFO]: [Chunky] Task running for world. Processed: 5121 chunks (0.33%), ETA: 14:33:07, Rate: 29.8 cps, Current: -29, 0
[02:35:36] [Server thread/INFO]: [Chunky] Task running for world. Processed: 5125 chunks (0.33%), ETA: 15:10:04, Rate: 28.6 cps, Current: -30, 1
[02:35:37] [Server thread/INFO]: [Chunky] Task running for world. Processed: 5140 chunks (0.33%), ETA: 15:13:28, Rate: 28.5 cps, Current: -31, 1
[02:35:38] [Server thread/INFO]: [Chunky] Task running for world. Processed: 5168 chunks (0.33%), ETA: 15:16:19, Rate: 28.4 cps, Current: -32, 2
[02:35:39] [Server thread/INFO]: [Chunky] Task running for world. Processed: 5174 chunks (0.33%), ETA: 15:43:00, Rate: 27.6 cps, Current: -21, 0
[02:35:40] [Server thread/INFO]: [Chunky] Task running for world. Processed: 5217 chunks (0.33%), ETA: 14:52:40, Rate: 29.1 cps, Current: -17, 4
[02:35:41] [Server thread/INFO]: [Chunky] Task running for world. Processed: 5245 chunks (0.34%), ETA: 14:54:58, Rate: 29.0 cps, Current: -22, 7
[02:35:42] [Server thread/INFO]: [Chunky] Task running for world. Processed: 5267 chunks (0.34%), ETA: 14:55:21, Rate: 29.0 cps, Current: -17, 11
[02:35:43] [Server thread/INFO]: [Chunky] Task running for world. Processed: 5292 chunks (0.34%), ETA: 14:36:52, Rate: 29.6 cps, Current: -22, 13
[02:35:45] [Server thread/INFO]: [Chunky] Task running for world. Processed: 5320 chunks (0.34%), ETA: 14:08:28, Rate: 30.6 cps, Current: -25, 14
[02:35:46] [Server thread/INFO]: [Chunky] Task running for world. Processed: 5347 chunks (0.34%), ETA: 14:04:11, Rate: 30.8 cps, Current: -26, 15
[02:35:47] [Server thread/INFO]: [Chunky] Task running for world. Processed: 5369 chunks (0.34%), ETA: 14:07:43, Rate: 30.7 cps, Current: -27, 16
[02:35:48] [Server thread/INFO]: [Chunky] Task running for world. Processed: 5387 chunks (0.34%), ETA: 14:01:08, Rate: 30.9 cps, Current: -29, 18
[02:35:49] [Server thread/INFO]: [Chunky] Task running for world. Processed: 5398 chunks (0.34%), ETA: 14:19:22, Rate: 30.2 cps, Current: -26, 19
[02:35:50] [Server thread/INFO]: [Chunky] Task running for world. Processed: 5412 chunks (0.35%), ETA: 14:45:58, Rate: 29.3 cps, Current: -29, 20
[02:35:52] [Server thread/INFO]: [Chunky] Task running for world. Processed: 5426 chunks (0.35%), ETA: 21:10:22, Rate: 20.5 cps, Current: -32, 20
[02:35:53] [Server thread/INFO]: [Chunky] Task running for world. Processed: 5432 chunks (0.35%), ETA: 22:13:46, Rate: 19.5 cps, Current: -31, 23
[02:35:54] [Server thread/INFO]: [Chunky] Task running for world. Processed: 5445 chunks (0.35%), ETA: 22:31:25, Rate: 19.2 cps, Current: -31, 26
[02:35:55] [Server thread/INFO]: [Chunky] Task running for world. Processed: 5469 chunks (0.35%), ETA: 22:57:09, Rate: 18.9 cps, Current: -32, 26
[02:35:56] [Server thread/INFO]: [Chunky] Task running for world. Processed: 5485 chunks (0.35%), ETA: 23:53:40, Rate: 18.1 cps, Current: -31, 31
[02:35:57] [Server thread/INFO]: [Chunky] Task running for world. Processed: 5508 chunks (0.35%), ETA: 25:08:10, Rate: 17.2 cps, Current: -27, 31
[02:35:58] [Server thread/INFO]: [Chunky] Task running for world. Processed: 5523 chunks (0.35%), ETA: 25:47:09, Rate: 16.8 cps, Current: -22, 29
[02:35:59] [Server thread/INFO]: [Chunky] Task running for world. Processed: 5545 chunks (0.35%), ETA: 26:35:03, Rate: 16.3 cps, Current: -23, 31
[02:36:00] [Server thread/INFO]: [Chunky] Task running for world. Processed: 5564 chunks (0.36%), ETA: 28:03:05, Rate: 15.4 cps, Current: -21, 31
[02:36:01] [Server thread/INFO]: [Chunky] Task running for world. Processed: 5623 chunks (0.36%), ETA: 24:42:56, Rate: 17.5 cps, Current: -18, 20
[02:36:03] [Server thread/INFO]: [Chunky] Task running for world. Processed: 5638 chunks (0.36%), ETA: 24:08:13, Rate: 17.9 cps, Current: -11, 16
[02:36:04] [Server thread/INFO]: [Chunky] Task running for world. Processed: 5673 chunks (0.36%), ETA: 23:27:34, Rate: 18.5 cps, Current: -16, 23
[02:36:05] [Server thread/INFO]: [Chunky] Task running for world. Processed: 5698 chunks (0.36%), ETA: 21:56:48, Rate: 19.7 cps, Current: -14, 23
[02:36:06] [Server thread/INFO]: [Chunky] Task running for world. Processed: 5716 chunks (0.37%), ETA: 21:47:36, Rate: 19.9 cps, Current: -15, 31
[02:36:07] [Server thread/INFO]: [Chunky] Task running for world. Processed: 5743 chunks (0.37%), ETA: 21:58:19, Rate: 19.7 cps, Current: -12, 30
[02:36:08] [Server thread/INFO]: [Chunky] Task running for world. Processed: 5764 chunks (0.37%), ETA: 21:19:21, Rate: 20.3 cps, Current: -6, 25
[02:36:10] [Server thread/INFO]: [Chunky] Task running for world. Processed: 5826 chunks (0.37%), ETA: 20:47:56, Rate: 20.8 cps, Current: -1, 22
[02:36:16] [Server thread/INFO]: [Chunky] Task running for world. Processed: 6145 chunks (0.39%), ETA: 16:13:15, Rate: 26.7 cps, Current: -30, 32
[02:36:17] [Server thread/INFO]: [Chunky] Task running for world. Processed: 6150 chunks (0.39%), ETA: 16:32:30, Rate: 26.2 cps, Current: -31, 33
[02:36:18] [Server thread/INFO]: [Chunky] Task running for world. Processed: 6175 chunks (0.39%), ETA: 16:12:19, Rate: 26.7 cps, Current: -26, 32
[02:36:20] [Server thread/INFO]: [Chunky] Task running for world. Processed: 6197 chunks (0.40%), ETA: 16:18:54, Rate: 26.5 cps, Current: -21, 32
[02:36:21] [Server thread/INFO]: [Chunky] Task running for world. Processed: 6227 chunks (0.40%), ETA: 15:59:04, Rate: 27.1 cps, Current: -18, 33
[02:36:22] [Server thread/INFO]: [Chunky] Task running for world. Processed: 6254 chunks (0.40%), ETA: 15:40:16, Rate: 27.6 cps, Current: -17, 34
[02:36:24] [Server thread/INFO]: [Chunky] Task running for world. Processed: 6279 chunks (0.40%), ETA: 15:27:15, Rate: 28.0 cps, Current: -19, 40
[02:36:24] [Server thread/INFO]: AgustinEz2 issued server command: /chunky progress
[02:36:25] [Server thread/INFO]: [Chunky] Task running for world. Processed: 6301 chunks (0.40%), ETA: 15:21:50, Rate: 28.2 cps, Current: -17, 40
[02:36:26] [Server thread/INFO]: [Chunky] Task running for world. Processed: 6318 chunks (0.40%), ETA: 15:25:59, Rate: 28.1 cps, Current: -19, 46
[02:36:27] [Server thread/INFO]: [Chunky] Task running for world. Processed: 6339 chunks (0.41%), ETA: 15:36:24, Rate: 27.7 cps, Current: -25, 46
[02:36:28] [Server thread/INFO]: [Chunky] Task running for world. Processed: 6370 chunks (0.41%), ETA: 15:16:14, Rate: 28.4 cps, Current: -27, 47
[02:36:29] [Server thread/INFO]: [Chunky] Task running for world. Processed: 6386 chunks (0.41%), ETA: 15:18:15, Rate: 28.3 cps, Current: -30, 44
[02:36:30] [Server thread/INFO]: [Chunky] Task running for world. Processed: 6406 chunks (0.41%), ETA: 15:19:15, Rate: 28.3 cps, Current: -32, 43
[02:36:32] [Server thread/INFO]: [Chunky] Task running for world. Processed: 6420 chunks (0.41%), ETA: 16:00:01, Rate: 27.1 cps, Current: -32, 46
[02:36:33] [Server thread/INFO]: [Chunky] Task running for world. Processed: 6446 chunks (0.41%), ETA: 16:10:46, Rate: 26.8 cps, Current: -30, 53
[02:36:34] [Server thread/INFO]: [Chunky] Task running for world. Processed: 6452 chunks (0.41%), ETA: 16:44:29, Rate: 25.9 cps, Current: -25, 53
[02:36:35] [Server thread/INFO]: [Chunky] Task running for world. Processed: 6468 chunks (0.41%), ETA: 16:54:48, Rate: 25.6 cps, Current: -31, 57
[02:36:36] [Server thread/INFO]: [Chunky] Task running for world. Processed: 6493 chunks (0.41%), ETA: 16:51:05, Rate: 25.7 cps, Current: -27, 57
[02:36:37] [Server thread/INFO]: [Chunky] Task running for world. Processed: 6508 chunks (0.42%), ETA: 16:57:37, Rate: 25.5 cps, Current: -31, 63
[02:36:39] [Server thread/INFO]: [Chunky] Task running for world. Processed: 6531 chunks (0.42%), ETA: 17:49:44, Rate: 24.3 cps, Current: -23, 56
[02:36:40] [Server thread/INFO]: [Chunky] Task running for world. Processed: 6545 chunks (0.42%), ETA: 25:49:58, Rate: 16.8 cps, Current: -22, 56
[02:36:41] [Server thread/INFO]: [Chunky] Task running for world. Processed: 6563 chunks (0.42%), ETA: 25:56:30, Rate: 16.7 cps, Current: -19, 59
[02:36:42] [Server thread/INFO]: [Chunky] Task running for world. Processed: 6585 chunks (0.42%), ETA: 26:13:29, Rate: 16.5 cps, Current: -18, 58
[02:36:44] [Server thread/INFO]: [Chunky] Task running for world. Processed: 6650 chunks (0.42%), ETA: 23:58:02, Rate: 18.1 cps, Current: -17, 54
[02:36:45] [Server thread/INFO]: [Chunky] Task running for world. Processed: 6659 chunks (0.43%), ETA: 24:46:34, Rate: 17.5 cps, Current: -16, 50
[02:36:46] [Server thread/INFO]: [Chunky] Task running for world. Processed: 6689 chunks (0.43%), ETA: 23:29:09, Rate: 18.4 cps, Current: -14, 48
[02:36:48] [Server thread/INFO]: [Chunky] Task running for world. Processed: 6713 chunks (0.43%), ETA: 24:05:09, Rate: 18.0 cps, Current: -14, 55
[02:36:49] [Server thread/INFO]: [Chunky] Task running for world. Processed: 6746 chunks (0.43%), ETA: 23:16:57, Rate: 18.6 cps, Current: -15, 62
[02:36:51] [Server thread/INFO]: [Chunky] Task running for world. Processed: 6769 chunks (0.43%), ETA: 23:30:20, Rate: 18.4 cps, Current: -9, 57
[02:36:52] [Server thread/INFO]: [Chunky] Task running for world. Processed: 6787 chunks (0.43%), ETA: 23:43:12, Rate: 18.2 cps, Current: -9, 61
[02:36:53] [Server thread/INFO]: [Chunky] Task running for world. Processed: 6803 chunks (0.43%), ETA: 24:02:23, Rate: 18.0 cps, Current: -5, 61
[02:36:54] [Server thread/INFO]: [Chunky] Task running for world. Processed: 6822 chunks (0.44%), ETA: 24:12:06, Rate: 17.9 cps, Current: -3, 59
[02:36:55] [Server thread/INFO]: [Chunky] Task running for world. Processed: 6844 chunks (0.44%), ETA: 23:58:33, Rate: 18.1 cps, Current: -3, 54
[02:36:56] [Server thread/INFO]: [Chunky] Task running for world. Processed: 6875 chunks (0.44%), ETA: 23:36:49, Rate: 18.3 cps, Current: -7, 51
[02:36:57] [Server thread/INFO]: [Chunky] Task running for world. Processed: 6900 chunks (0.44%), ETA: 23:56:46, Rate: 18.1 cps, Current: -3, 50
[02:36:59] [Server thread/INFO]: [Chunky] Task running for world. Processed: 6908 chunks (0.44%), ETA: 24:28:28, Rate: 17.7 cps, Current: -2, 50
[02:37:00] [Server thread/INFO]: [Chunky] Task running for world. Processed: 6924 chunks (0.44%), ETA: 24:45:55, Rate: 17.5 cps, Current: -3, 42
[02:37:01] [Server thread/INFO]: [Chunky] Task running for world. Processed: 6948 chunks (0.44%), ETA: 24:04:10, Rate: 18.0 cps, Current: -4, 41
[02:37:02] [Server thread/INFO]: [Chunky] Task running for world. Processed: 6978 chunks (0.45%), ETA: 23:56:10, Rate: 18.1 cps, Current: -11, 46
[02:37:03] [Server thread/INFO]: [Chunky] Task running for world. Processed: 7027 chunks (0.45%), ETA: 22:02:28, Rate: 19.6 cps, Current: -15, 41
[02:37:04] [Server thread/INFO]: [Chunky] Task running for world. Processed: 7067 chunks (0.45%), ETA: 21:06:38, Rate: 20.5 cps, Current: -10, 38
[02:37:06] [Server thread/INFO]: [Chunky] Task running for world. Processed: 7116 chunks (0.45%), ETA: 20:20:43, Rate: 21.3 cps, Current: -7, 33
[02:37:07] [Server thread/INFO]: [Chunky] Task running for world. Processed: 7172 chunks (0.46%), ETA: 19:17:53, Rate: 22.4 cps, Current: 0, 37
[02:37:08] [Server thread/INFO]: [Chunky] Task running for world. Processed: 7208 chunks (0.46%), ETA: 18:58:52, Rate: 22.8 cps, Current: 1, 39
[02:37:09] [Server thread/INFO]: [Chunky] Task running for world. Processed: 7232 chunks (0.46%), ETA: 18:36:10, Rate: 23.3 cps, Current: 15, 32
[02:37:10] [Server thread/INFO]: [Chunky] Task running for world. Processed: 7251 chunks (0.46%), ETA: 18:31:38, Rate: 23.4 cps, Current: 12, 34
[02:37:11] [Server thread/INFO]: [Chunky] Task running for world. Processed: 7274 chunks (0.46%), ETA: 18:11:20, Rate: 23.8 cps, Current: 14, 35
[02:37:13] [Server thread/INFO]: [Chunky] Task running for world. Processed: 7290 chunks (0.47%), ETA: 19:33:25, Rate: 22.1 cps, Current: 9, 41
[02:37:14] [Server thread/INFO]: [Chunky] Task running for world. Processed: 7301 chunks (0.47%), ETA: 19:23:01, Rate: 22.3 cps, Current: 13, 40
[02:37:15] [Server thread/INFO]: [Chunky] Task running for world. Processed: 7318 chunks (0.47%), ETA: 19:39:11, Rate: 22.0 cps, Current: 14, 41
[02:37:16] [Server thread/INFO]: [Chunky] Task running for world. Processed: 7338 chunks (0.47%), ETA: 19:53:58, Rate: 21.7 cps, Current: 10, 45
[02:37:17] [Server thread/INFO]: [Chunky] Task running for world. Processed: 7353 chunks (0.47%), ETA: 19:43:49, Rate: 21.9 cps, Current: 15, 44
[02:37:18] [Server thread/INFO]: [Chunky] Task running for world. Processed: 7396 chunks (0.47%), ETA: 19:14:24, Rate: 22.5 cps, Current: 0, 43
[02:37:19] [Server thread/INFO]: [Chunky] Task running for world. Processed: 7431 chunks (0.47%), ETA: 18:53:42, Rate: 22.9 cps, Current: 2, 48
[02:37:21] [Server thread/INFO]: [Chunky] Task running for world. Processed: 7464 chunks (0.48%), ETA: 18:36:11, Rate: 23.3 cps, Current: 7, 49
[02:37:22] [Server thread/INFO]: [Chunky] Task running for world. Processed: 7488 chunks (0.48%), ETA: 18:13:01, Rate: 23.7 cps, Current: 0, 63
[02:37:23] [Server thread/INFO]: [Chunky] Task running for world. Processed: 7506 chunks (0.48%), ETA: 18:24:42, Rate: 23.5 cps, Current: 1, 62
[02:37:24] [Server thread/INFO]: [Chunky] Task running for world. Processed: 7534 chunks (0.48%), ETA: 18:04:35, Rate: 23.9 cps, Current: 2, 63
[02:37:25] [Server thread/INFO]: [Chunky] Task running for world. Processed: 7556 chunks (0.48%), ETA: 18:18:57, Rate: 23.6 cps, Current: 8, 61
[02:37:26] [Server thread/INFO]: [Chunky] Task running for world. Processed: 7574 chunks (0.48%), ETA: 18:31:22, Rate: 23.4 cps, Current: 9, 62
[02:37:27] [Server thread/INFO]: [Chunky] Task running for world. Processed: 7594 chunks (0.49%), ETA: 18:36:33, Rate: 23.2 cps, Current: 13, 58
[02:37:28] [Server thread/INFO]: [Chunky] Task running for world. Processed: 7611 chunks (0.49%), ETA: 18:17:10, Rate: 23.7 cps, Current: 8, 51
[02:37:30] [Server thread/INFO]: [Chunky] Task running for world. Processed: 7674 chunks (0.49%), ETA: 17:03:48, Rate: 25.4 cps, Current: 15, 54
[02:37:31] [Server thread/INFO]: [Chunky] Task running for world. Processed: 7683 chunks (0.49%), ETA: 17:35:14, Rate: 24.6 cps, Current: 16, 50
[02:37:32] [Server thread/INFO]: AgustinEz2 issued server command: /chunky progress
[02:37:32] [Server thread/INFO]: [Chunky] Task running for world. Processed: 7710 chunks (0.49%), ETA: 18:13:42, Rate: 23.7 cps, Current: 19, 49
[02:37:33] [Server thread/INFO]: [Chunky] Task running for world. Processed: 7730 chunks (0.49%), ETA: 18:22:46, Rate: 23.5 cps, Current: 16, 58
[02:37:34] [Server thread/INFO]: [Chunky] Task running for world. Processed: 7750 chunks (0.50%), ETA: 18:48:46, Rate: 23.0 cps, Current: 16, 63
[02:37:35] [Server thread/INFO]: [Chunky] Task running for world. Processed: 7778 chunks (0.50%), ETA: 19:18:59, Rate: 22.4 cps, Current: 21, 56
[02:37:36] [Server thread/INFO]: [Chunky] Task running for world. Processed: 7798 chunks (0.50%), ETA: 20:10:29, Rate: 21.4 cps, Current: 22, 60
[02:37:37] [Server thread/INFO]: [Chunky] Task running for world. Processed: 7821 chunks (0.50%), ETA: 20:36:44, Rate: 21.0 cps, Current: 26, 59
[02:37:39] [Server thread/INFO]: [Chunky] Task running for world. Processed: 7844 chunks (0.50%), ETA: 20:45:38, Rate: 20.8 cps, Current: 29, 59
[02:37:40] [Server thread/INFO]: [Chunky] Task running for world. Processed: 7873 chunks (0.50%), ETA: 20:41:34, Rate: 20.9 cps, Current: 30, 57
[02:37:41] [Server thread/INFO]: [Chunky] Task running for world. Processed: 7903 chunks (0.50%), ETA: 20:29:04, Rate: 21.1 cps, Current: 31, 56
[02:37:43] [Server thread/INFO]: [Chunky] Task running for world. Processed: 7929 chunks (0.51%), ETA: 20:13:56, Rate: 21.4 cps, Current: 30, 51
[02:37:44] [Server thread/INFO]: [Chunky] Task running for world. Processed: 7939 chunks (0.51%), ETA: 20:08:34, Rate: 21.5 cps, Current: 28, 46
[02:37:45] [Server thread/INFO]: [Chunky] Task running for world. Processed: 7951 chunks (0.51%), ETA: 20:11:25, Rate: 21.4 cps, Current: 27, 42
[02:37:46] [Server thread/INFO]: [Chunky] Task running for world. Processed: 7977 chunks (0.51%), ETA: 19:58:00, Rate: 21.7 cps, Current: 31, 43
[02:37:47] [Server thread/INFO]: [Chunky] Task running for world. Processed: 8002 chunks (0.51%), ETA: 19:47:23, Rate: 21.9 cps, Current: 26, 40
[02:37:49] [Server thread/INFO]: [Chunky] Task running for world. Processed: 8022 chunks (0.51%), ETA: 21:37:55, Rate: 20.0 cps, Current: 24, 43
[02:37:50] [Server thread/INFO]: [Chunky] Task running for world. Processed: 8047 chunks (0.51%), ETA: 22:00:47, Rate: 19.6 cps, Current: 22, 42
[02:37:51] [Server thread/INFO]: [Chunky] Task running for world. Processed: 8065 chunks (0.52%), ETA: 22:12:35, Rate: 19.5 cps, Current: 23, 39
[02:37:52] [Server thread/INFO]: [Chunky] Task running for world. Processed: 8129 chunks (0.52%), ETA: 20:32:31, Rate: 21.1 cps, Current: 24, 32
[02:37:54] [Server thread/INFO]: [Chunky] Task running for world. Processed: 8179 chunks (0.52%), ETA: 19:52:23, Rate: 21.8 cps, Current: 30, 32
[02:37:55] [Server thread/INFO]: [Chunky] Task running for world. Processed: 8208 chunks (0.52%), ETA: 19:47:58, Rate: 21.8 cps, Current: 33, 35
[02:37:56] [Server thread/INFO]: [Chunky] Task running for world. Processed: 8237 chunks (0.53%), ETA: 19:26:47, Rate: 22.2 cps, Current: 38, 33
[02:37:57] [Server thread/INFO]: [Chunky] Task running for world. Processed: 8262 chunks (0.53%), ETA: 19:18:38, Rate: 22.4 cps, Current: 45, 33
[02:37:58] [Server thread/INFO]: [Chunky] Task running for world. Processed: 8288 chunks (0.53%), ETA: 18:59:15, Rate: 22.8 cps, Current: 44, 36
[02:38:00] [Server thread/INFO]: [Chunky] Task running for world. Processed: 8304 chunks (0.53%), ETA: 20:35:21, Rate: 21.0 cps, Current: 47, 35
[02:38:01] [Server thread/INFO]: [Chunky] Task running for world. Processed: 8323 chunks (0.53%), ETA: 20:05:43, Rate: 21.5 cps, Current: 40, 41
[02:38:02] [Server thread/INFO]: [Chunky] Task running for world. Processed: 8330 chunks (0.53%), ETA: 20:50:21, Rate: 20.7 cps, Current: 42, 42
[02:38:03] [Server thread/INFO]: [Chunky] Task running for world. Processed: 8335 chunks (0.53%), ETA: 21:19:55, Rate: 20.3 cps, Current: 43, 42
[02:38:04] [Server thread/INFO]: [Chunky] Task running for world. Processed: 8339 chunks (0.53%), ETA: 22:21:32, Rate: 19.3 cps, Current: 40, 42
[02:38:06] [Server thread/INFO]: [Chunky] Task running for world. Processed: 8353 chunks (0.53%), ETA: 22:46:18, Rate: 19.0 cps, Current: 43, 44
[02:38:07] [Server thread/INFO]: [Chunky] Task running for world. Processed: 8363 chunks (0.53%), ETA: 23:13:42, Rate: 18.6 cps, Current: 47, 42
[02:38:08] [Server thread/INFO]: [Chunky] Task running for world. Processed: 8380 chunks (0.54%), ETA: 23:23:45, Rate: 18.5 cps, Current: 41, 46
[02:38:09] [Server thread/INFO]: [Chunky] Task running for world. Processed: 8452 chunks (0.54%), ETA: 21:32:22, Rate: 20.1 cps, Current: 32, 51
[02:38:10] [Server thread/INFO]: [Chunky] Task running for world. Processed: 8472 chunks (0.54%), ETA: 21:37:03, Rate: 20.0 cps, Current: 37, 49
[02:38:11] [Server thread/INFO]: [Chunky] Task running for world. Processed: 8499 chunks (0.54%), ETA: 21:39:59, Rate: 20.0 cps, Current: 32, 58
[02:38:13] [Server thread/INFO]: [Chunky] Task running for world. Processed: 8525 chunks (0.54%), ETA: 21:38:48, Rate: 20.0 cps, Current: 34, 59
[02:38:14] [Server thread/INFO]: [Chunky] Task running for world. Processed: 8555 chunks (0.55%), ETA: 20:53:06, Rate: 20.7 cps, Current: 34, 63
[02:38:15] [Server thread/INFO]: [Chunky] Task running for world. Processed: 8579 chunks (0.55%), ETA: 20:34:10, Rate: 21.0 cps, Current: 40, 61
[02:38:16] [Server thread/INFO]: [Chunky] Task running for world. Processed: 8592 chunks (0.55%), ETA: 20:58:53, Rate: 20.6 cps, Current: 42, 60
[02:38:17] [Server thread/INFO]: [Chunky] Task running for world. Processed: 8609 chunks (0.55%), ETA: 21:06:21, Rate: 20.5 cps, Current: 43, 62
[02:38:18] [Server thread/INFO]: [Chunky] Task running for world. Processed: 8627 chunks (0.55%), ETA: 20:37:26, Rate: 21.0 cps, Current: 45, 55
[02:38:19] [Server thread/INFO]: [Chunky] Task running for world. Processed: 8641 chunks (0.55%), ETA: 20:52:47, Rate: 20.7 cps, Current: 40, 53
[02:38:21] [Server thread/INFO]: [Chunky] Task running for world. Processed: 8706 chunks (0.56%), ETA: 19:44:52, Rate: 21.9 cps, Current: 48, 49
[02:38:22] [Server thread/INFO]: [Chunky] Task running for world. Processed: 8712 chunks (0.56%), ETA: 21:43:55, Rate: 19.9 cps, Current: 51, 50
[02:38:23] [Server thread/INFO]: [Chunky] Task running for world. Processed: 8741 chunks (0.56%), ETA: 22:24:47, Rate: 19.3 cps, Current: 48, 54
[02:38:24] [Server thread/INFO]: [Chunky] Task running for world. Processed: 8756 chunks (0.56%), ETA: 22:43:14, Rate: 19.0 cps, Current: 49, 56
[02:38:25] [Server thread/INFO]: [Chunky] Task running for world. Processed: 8784 chunks (0.56%), ETA: 22:25:04, Rate: 19.3 cps, Current: 50, 57
[02:38:26] [Server thread/INFO]: [Chunky] Task running for world. Processed: 8802 chunks (0.56%), ETA: 22:50:09, Rate: 18.9 cps, Current: 50, 62
[02:38:27] [Server thread/INFO]: [Chunky] Task running for world. Processed: 8819 chunks (0.56%), ETA: 23:08:14, Rate: 18.7 cps, Current: 54, 59
[02:38:28] [Server thread/INFO]: [Chunky] Task running for world. Processed: 8836 chunks (0.56%), ETA: 23:29:07, Rate: 18.4 cps, Current: 58, 57
[02:38:29] [Server thread/INFO]: [Chunky] Task running for world. Processed: 8852 chunks (0.57%), ETA: 23:31:30, Rate: 18.4 cps, Current: 59, 61
[02:38:30] [Server thread/INFO]: [Chunky] Task running for world. Processed: 8869 chunks (0.57%), ETA: 23:23:07, Rate: 18.5 cps, Current: 60, 56
[02:38:31] [Server thread/INFO]: [Chunky] Task running for world. Processed: 8891 chunks (0.57%), ETA: 22:34:04, Rate: 19.2 cps, Current: 60, 63
[02:38:32] [Server thread/INFO]: [Chunky] Task running for world. Processed: 8921 chunks (0.57%), ETA: 21:36:49, Rate: 20.0 cps, Current: 63, 57
[02:38:34] [Server thread/INFO]: [Chunky] Task running for world. Processed: 8944 chunks (0.57%), ETA: 20:53:55, Rate: 20.7 cps, Current: 63, 52
[02:38:35] [Server thread/INFO]: [Chunky] Task running for world. Processed: 8954 chunks (0.57%), ETA: 20:56:28, Rate: 20.6 cps, Current: 63, 51
[02:38:36] [Server thread/INFO]: [Chunky] Task running for world. Processed: 8969 chunks (0.57%), ETA: 20:54:51, Rate: 20.7 cps, Current: 63, 50
[02:38:37] [Server thread/INFO]: [Chunky] Task running for world. Processed: 8996 chunks (0.57%), ETA: 20:33:22, Rate: 21.0 cps, Current: 59, 41
[02:38:38] [Server thread/INFO]: [Chunky] Task running for world. Processed: 9024 chunks (0.58%), ETA: 21:54:53, Rate: 19.7 cps, Current: 59, 40
[02:38:39] [Server thread/INFO]: [Chunky] Task running for world. Processed: 9057 chunks (0.58%), ETA: 21:25:12, Rate: 20.2 cps, Current: 48, 43
[02:38:40] [Server thread/INFO]: [Chunky] Task running for world. Processed: 9090 chunks (0.58%), ETA: 21:12:56, Rate: 20.4 cps, Current: 54, 39
[02:38:41] [Server thread/INFO]: [Chunky] Task running for world. Processed: 9158 chunks (0.59%), ETA: 19:42:00, Rate: 21.9 cps, Current: 56, 34
[02:38:43] [Server thread/INFO]: [Chunky] Task running for world. Processed: 9217 chunks (0.59%), ETA: 19:01:20, Rate: 22.7 cps, Current: 64, 32
[02:38:44] [Server thread/INFO]: [Chunky] Task running for world. Processed: 9229 chunks (0.59%), ETA: 19:17:28, Rate: 22.4 cps, Current: 65, 37
[02:38:45] [Server thread/INFO]: [Chunky] Task running for world. Processed: 9246 chunks (0.59%), ETA: 19:11:22, Rate: 22.5 cps, Current: 66, 32
[02:38:46] [Server thread/INFO]: [Chunky] Task running for world. Processed: 9263 chunks (0.59%), ETA: 19:12:52, Rate: 22.5 cps, Current: 68, 33
[02:38:47] [Server thread/INFO]: [Chunky] Task running for world. Processed: 9277 chunks (0.59%), ETA: 19:17:33, Rate: 22.4 cps, Current: 71, 33
[02:38:48] [Server thread/INFO]: [Chunky] Task running for world. Processed: 9283 chunks (0.59%), ETA: 19:34:48, Rate: 22.1 cps, Current: 73, 33
[02:38:49] [Server thread/INFO]: [Chunky] Task running for world. Processed: 9315 chunks (0.60%), ETA: 20:17:33, Rate: 21.3 cps, Current: 74, 32
[02:38:50] [Server thread/INFO]: [Chunky] Task running for world. Processed: 9322 chunks (0.60%), ETA: 20:49:42, Rate: 20.7 cps, Current: 78, 36
[02:38:52] [Server thread/INFO]: [Chunky] Task running for world. Processed: 9345 chunks (0.60%), ETA: 20:17:07, Rate: 21.3 cps, Current: 74, 40
[02:38:53] [Server thread/INFO]: [Chunky] Task running for world. Processed: 9363 chunks (0.60%), ETA: 20:38:58, Rate: 20.9 cps, Current: 77, 42
[02:38:54] [Server thread/INFO]: [Chunky] Task running for world. Processed: 9380 chunks (0.60%), ETA: 20:38:04, Rate: 20.9 cps, Current: 73, 44
[02:38:54] [Server thread/INFO]: AgustinEz2 issued server command: /plugins
[02:38:55] [Server thread/INFO]: [Chunky] Task running for world. Processed: 9401 chunks (0.60%), ETA: 21:04:26, Rate: 20.5 cps, Current: 79, 44
[02:38:56] [Server thread/INFO]: [Chunky] Task running for world. Processed: 9450 chunks (0.60%), ETA: 19:58:44, Rate: 21.6 cps, Current: 66, 43
[02:38:58] [Server thread/INFO]: [Chunky] Task running for world. Processed: 9482 chunks (0.61%), ETA: 19:48:26, Rate: 21.8 cps, Current: 70, 48
[02:38:59] [Server thread/INFO]: [Chunky] Task running for world. Processed: 9516 chunks (0.61%), ETA: 19:22:26, Rate: 22.3 cps, Current: 64, 57
[02:39:00] [Server thread/INFO]: [Chunky] Task running for world. Processed: 9540 chunks (0.61%), ETA: 19:09:28, Rate: 22.6 cps, Current: 65, 59
[02:39:01] [Server thread/INFO]: [Chunky] Task running for world. Processed: 9570 chunks (0.61%), ETA: 18:54:46, Rate: 22.8 cps, Current: 66, 62
[02:39:02] [Server thread/INFO]: [Chunky] Task running for world. Processed: 9585 chunks (0.61%), ETA: 19:20:59, Rate: 22.3 cps, Current: 71, 57
[02:39:03] [Server thread/INFO]: [Chunky] Task running for world. Processed: 9604 chunks (0.61%), ETA: 19:25:43, Rate: 22.2 cps, Current: 73, 58
[02:39:04] [Server thread/INFO]: AgustinEz2 issued server command: /angelchest
[02:39:05] [Server thread/INFO]: [Chunky] Task running for world. Processed: 9620 chunks (0.61%), ETA: 19:24:12, Rate: 22.3 cps, Current: 75, 61
[02:39:06] [Server thread/INFO]: [Chunky] Task running for world. Processed: 9640 chunks (0.62%), ETA: 19:13:12, Rate: 22.5 cps, Current: 76, 62
[02:39:07] [Server thread/INFO]: [Chunky] Task running for world. Processed: 9659 chunks (0.62%), ETA: 19:28:08, Rate: 22.2 cps, Current: 72, 54
[02:39:08] [Server thread/INFO]: [Chunky] Task running for world. Processed: 9700 chunks (0.62%), ETA: 19:05:29, Rate: 22.6 cps, Current: 75, 48
[02:39:10] [Server thread/INFO]: [Chunky] Task running for world. Processed: 9730 chunks (0.62%), ETA: 19:50:26, Rate: 21.8 cps, Current: 80, 49
